<?xml version="1.0" encoding="UTF-8"?>
<testsuites name="jest tests" tests="2" failures="0" errors="0" time="0.111">
  <testsuite name="get users" errors="0" failures="0" skipped="0" timestamp="2024-09-15T14:00:30" time="0.089" tests="2">
    <testcase classname="get users getting user with id = 1" name="get users getting user with id = 1" time="0.001">
    </testcase>
    <testcase classname="get users eror in getting user with id" name="get users eror in getting user with id" time="0">
    </testcase>
  </testsuite>
</testsuites>